2019-03-25 13:53:40.385 INFO env : local
2019-03-25 13:53:40.385 INFO log level : debug
2019-03-25 13:53:40.394 ERROR uncaughtException: Cannot find module 'less-middleware'
	{"date":"Mon Mar 25 2019 13:53:40 GMT+0900 (GMT+09:00)","process":{"pid":66838,"uid":501,"gid":20,"cwd":"/Users/changyu/Documents/dev/sikguadang-api","execPath":"/usr/local/bin/node","version":"v10.15.1","argv":["/usr/local/bin/node","/Users/changyu/Documents/dev/sikguadang-api/bin/www"],"memoryUsage":{"rss":50909184,"heapTotal":35373056,"heapUsed":18584080,"external":18546447}},"os":{"loadavg":[2.0986328125,2.81103515625,2.73291015625],"uptime":2844643},"trace":[{"column":15,"file":"internal/modules/cjs/loader.js","function":"Module._resolveFilename","line":581,"method":"_resolveFilename","native":false},{"column":25,"file":"internal/modules/cjs/loader.js","function":"Module._load","line":507,"method":"_load","native":false},{"column":17,"file":"internal/modules/cjs/loader.js","function":"Module.require","line":637,"method":"require","native":false},{"column":18,"file":"internal/modules/cjs/helpers.js","function":"require","line":22,"method":null,"native":false},{"column":9,"file":"/Users/changyu/Documents/dev/sikguadang-api/app.js","function":null,"line":42,"method":null,"native":false},{"column":30,"file":"internal/modules/cjs/loader.js","function":"Module._compile","line":689,"method":"_compile","native":false},{"column":10,"file":"internal/modules/cjs/loader.js","function":"Module._extensions..js","line":700,"method":".js","native":false},{"column":32,"file":"internal/modules/cjs/loader.js","function":"Module.load","line":599,"method":"load","native":false},{"column":12,"file":"internal/modules/cjs/loader.js","function":"tryModuleLoad","line":538,"method":null,"native":false},{"column":3,"file":"internal/modules/cjs/loader.js","function":"Module._load","line":530,"method":"_load","native":false},{"column":17,"file":"internal/modules/cjs/loader.js","function":"Module.require","line":637,"method":"require","native":false},{"column":18,"file":"internal/modules/cjs/helpers.js","function":"require","line":22,"method":null,"native":false},{"column":76,"file":"/Users/changyu/Documents/dev/sikguadang-api/bin/www","function":null,"line":1,"method":null,"native":false},{"column":30,"file":"internal/modules/cjs/loader.js","function":"Module._compile","line":689,"method":"_compile","native":false},{"column":10,"file":"internal/modules/cjs/loader.js","function":"Module._extensions..js","line":700,"method":".js","native":false},{"column":32,"file":"internal/modules/cjs/loader.js","function":"Module.load","line":599,"method":"load","native":false}],"stack":["Error: Cannot find module 'less-middleware'","    at Function.Module._resolveFilename (internal/modules/cjs/loader.js:581:15)","    at Function.Module._load (internal/modules/cjs/loader.js:507:25)","    at Module.require (internal/modules/cjs/loader.js:637:17)","    at require (internal/modules/cjs/helpers.js:22:18)","    at Object.<anonymous> (/Users/changyu/Documents/dev/sikguadang-api/app.js:42:9)","    at Module._compile (internal/modules/cjs/loader.js:689:30)","    at Object.Module._extensions..js (internal/modules/cjs/loader.js:700:10)","    at Module.load (internal/modules/cjs/loader.js:599:32)","    at tryModuleLoad (internal/modules/cjs/loader.js:538:12)","    at Function.Module._load (internal/modules/cjs/loader.js:530:3)","    at Module.require (internal/modules/cjs/loader.js:637:17)","    at require (internal/modules/cjs/helpers.js:22:18)","    at Object.<anonymous> (/Users/changyu/Documents/dev/sikguadang-api/bin/www:1:76)","    at Module._compile (internal/modules/cjs/loader.js:689:30)","    at Object.Module._extensions..js (internal/modules/cjs/loader.js:700:10)","    at Module.load (internal/modules/cjs/loader.js:599:32)"]}
2019-03-25 13:53:40.394 WARNING uncaughtException ===
2019-03-25 13:53:40.396 WARNING Error: Cannot find module 'less-middleware'
    at Function.Module._resolveFilename (internal/modules/cjs/loader.js:581:15)
    at Function.Module._load (internal/modules/cjs/loader.js:507:25)
    at Module.require (internal/modules/cjs/loader.js:637:17)
    at require (internal/modules/cjs/helpers.js:22:18)
    at Object.<anonymous> (/Users/changyu/Documents/dev/sikguadang-api/app.js:42:9)
    at Module._compile (internal/modules/cjs/loader.js:689:30)
    at Object.Module._extensions..js (internal/modules/cjs/loader.js:700:10)
    at Module.load (internal/modules/cjs/loader.js:599:32)
    at tryModuleLoad (internal/modules/cjs/loader.js:538:12)
    at Function.Module._load (internal/modules/cjs/loader.js:530:3)
    at Module.require (internal/modules/cjs/loader.js:637:17)
    at require (internal/modules/cjs/helpers.js:22:18)
    at Object.<anonymous> (/Users/changyu/Documents/dev/sikguadang-api/bin/www:1:76)
    at Module._compile (internal/modules/cjs/loader.js:689:30)
    at Object.Module._extensions..js (internal/modules/cjs/loader.js:700:10)
    at Module.load (internal/modules/cjs/loader.js:599:32)
2019-03-25 13:53:40.399 ERROR About to exit with code: 1
2019-03-25 13:54:18.820 INFO env : local
2019-03-25 13:54:18.821 INFO log level : debug
2019-03-26 09:34:06.648 INFO env : local
2019-03-26 09:34:06.649 INFO log level : debug
2019-03-26 09:34:36.902 ERROR 
	{"message":"failed to connect to server [52.79.131.104:26017] on first connect [MongoNetworkError: connection 0 to 52.79.131.104:26017 timed out]","stack":"MongoNetworkError: failed to connect to server [52.79.131.104:26017] on first connect [MongoNetworkError: connection 0 to 52.79.131.104:26017 timed out]\n    at Pool.<anonymous> (/Users/changyu/Documents/dev/sikguadang-api/node_modules/mongodb-core/lib/topologies/server.js:564:11)\n    at Pool.emit (events.js:189:13)\n    at Connection.<anonymous> (/Users/changyu/Documents/dev/sikguadang-api/node_modules/mongodb-core/lib/connection/pool.js:317:12)\n    at Object.onceWrapper (events.js:277:13)\n    at Connection.emit (events.js:189:13)\n    at Socket.<anonymous> (/Users/changyu/Documents/dev/sikguadang-api/node_modules/mongodb-core/lib/connection/connection.js:257:10)\n    at Object.onceWrapper (events.js:277:13)\n    at Socket.emit (events.js:189:13)\n    at Socket._onTimeout (net.js:443:8)\n    at ontimeout (timers.js:436:11)\n    at tryOnTimeout (timers.js:300:5)\n    at listOnTimeout (timers.js:263:5)\n    at Timer.processTimers (timers.js:223:10)","name":"MongoNetworkError","errorLabels":["TransientTransactionError"]}
2019-03-26 09:34:37.902 ERROR About to exit with code: 0
2019-03-26 09:35:50.235 INFO env : local
2019-03-26 09:35:50.236 INFO log level : debug
2019-03-26 09:35:50.418 ERROR 
	{"message":"failed to connect to server [localhost:27017] on first connect [MongoNetworkError: connect ECONNREFUSED 127.0.0.1:27017]","stack":"MongoNetworkError: failed to connect to server [localhost:27017] on first connect [MongoNetworkError: connect ECONNREFUSED 127.0.0.1:27017]\n    at Pool.<anonymous> (/Users/changyu/Documents/dev/sikguadang-api/node_modules/mongodb-core/lib/topologies/server.js:564:11)\n    at Pool.emit (events.js:189:13)\n    at Connection.<anonymous> (/Users/changyu/Documents/dev/sikguadang-api/node_modules/mongodb-core/lib/connection/pool.js:317:12)\n    at Object.onceWrapper (events.js:277:13)\n    at Connection.emit (events.js:189:13)\n    at Socket.<anonymous> (/Users/changyu/Documents/dev/sikguadang-api/node_modules/mongodb-core/lib/connection/connection.js:246:50)\n    at Object.onceWrapper (events.js:277:13)\n    at Socket.emit (events.js:189:13)\n    at emitErrorNT (internal/streams/destroy.js:82:8)\n    at emitErrorAndCloseNT (internal/streams/destroy.js:50:3)\n    at process._tickCallback (internal/process/next_tick.js:63:19)","name":"MongoNetworkError","errorLabels":["TransientTransactionError"]}
2019-03-26 09:35:51.418 ERROR About to exit with code: 0
2019-03-26 21:34:15.885 INFO env : local
2019-03-26 21:34:15.886 INFO log level : debug
2019-03-26 21:34:16.806 ERROR 
	{"message":"connection 0 to sikguadang-shard-00-00-vlvwm.mongodb.net:27017 closed","stack":"MongoNetworkError: connection 0 to sikguadang-shard-00-00-vlvwm.mongodb.net:27017 closed\n    at Socket.<anonymous> (/Users/changyu/Documents/dev/sikguadang-api/node_modules/mongodb-core/lib/connection/connection.js:276:9)\n    at Object.onceWrapper (events.js:277:13)\n    at Socket.emit (events.js:189:13)\n    at TCP._handle.close (net.js:600:12)","name":"MongoNetworkError","errorLabels":["TransientTransactionError"]}
2019-03-26 21:34:17.807 ERROR About to exit with code: 0
2019-03-26 21:34:36.008 INFO env : local
2019-03-26 21:34:36.009 INFO log level : debug
2019-03-26 21:34:36.643 ERROR 
	{"message":"connection 0 to sikguadang-shard-00-00-vlvwm.mongodb.net:27017 closed","stack":"MongoNetworkError: connection 0 to sikguadang-shard-00-00-vlvwm.mongodb.net:27017 closed\n    at Socket.<anonymous> (/Users/changyu/Documents/dev/sikguadang-api/node_modules/mongodb-core/lib/connection/connection.js:276:9)\n    at Object.onceWrapper (events.js:277:13)\n    at Socket.emit (events.js:189:13)\n    at TCP._handle.close (net.js:600:12)","name":"MongoNetworkError","errorLabels":["TransientTransactionError"]}
2019-03-26 21:34:37.644 ERROR About to exit with code: 0
2019-03-26 21:34:59.384 INFO env : local
2019-03-26 21:34:59.384 INFO log level : debug
2019-03-26 21:35:00.004 ERROR 
	{"message":"connection 0 to sikguadang-shard-00-00-vlvwm.mongodb.net:27017 closed","stack":"MongoNetworkError: connection 0 to sikguadang-shard-00-00-vlvwm.mongodb.net:27017 closed\n    at Socket.<anonymous> (/Users/changyu/Documents/dev/sikguadang-api/node_modules/mongodb-core/lib/connection/connection.js:276:9)\n    at Object.onceWrapper (events.js:277:13)\n    at Socket.emit (events.js:189:13)\n    at TCP._handle.close (net.js:600:12)","name":"MongoNetworkError","errorLabels":["TransientTransactionError"]}
2019-03-26 21:35:01.006 ERROR About to exit with code: 0
2019-03-26 21:39:50.246 INFO env : local
2019-03-26 21:39:50.247 INFO log level : debug
2019-03-26 21:39:52.947 INFO Connected to mongod server
2019-03-26 21:40:39.820 INFO env : local
2019-03-26 21:40:39.821 INFO log level : debug
2019-03-26 21:40:42.194 INFO Connected to mongod server
2019-03-26 22:18:56.919 ERROR uncaughtException: Cannot find module 'bcrypt'
	{"date":"Tue Mar 26 2019 22:18:56 GMT+0900 (GMT+09:00)","process":{"pid":9565,"uid":501,"gid":20,"cwd":"/Users/changyu/Documents/dev/sikguadang-api","execPath":"/usr/local/bin/node","version":"v10.15.1","argv":["/usr/local/bin/node","/Users/changyu/Documents/dev/sikguadang-api/bin/www"],"memoryUsage":{"rss":51351552,"heapTotal":35897344,"heapUsed":18485832,"external":18539874}},"os":{"loadavg":[2.7900390625,3.41845703125,3.08984375],"uptime":2961351},"trace":[{"column":15,"file":"internal/modules/cjs/loader.js","function":"Module._resolveFilename","line":581,"method":"_resolveFilename","native":false},{"column":25,"file":"internal/modules/cjs/loader.js","function":"Module._load","line":507,"method":"_load","native":false},{"column":17,"file":"internal/modules/cjs/loader.js","function":"Module.require","line":637,"method":"require","native":false},{"column":18,"file":"internal/modules/cjs/helpers.js","function":"require","line":22,"method":null,"native":false},{"column":16,"file":"/Users/changyu/Documents/dev/sikguadang-api/routes/sikguadang/api/usersRouter.js","function":null,"line":4,"method":null,"native":false},{"column":30,"file":"internal/modules/cjs/loader.js","function":"Module._compile","line":689,"method":"_compile","native":false},{"column":10,"file":"internal/modules/cjs/loader.js","function":"Module._extensions..js","line":700,"method":".js","native":false},{"column":32,"file":"internal/modules/cjs/loader.js","function":"Module.load","line":599,"method":"load","native":false},{"column":12,"file":"internal/modules/cjs/loader.js","function":"tryModuleLoad","line":538,"method":null,"native":false},{"column":3,"file":"internal/modules/cjs/loader.js","function":"Module._load","line":530,"method":"_load","native":false},{"column":17,"file":"internal/modules/cjs/loader.js","function":"Module.require","line":637,"method":"require","native":false},{"column":18,"file":"internal/modules/cjs/helpers.js","function":"require","line":22,"method":null,"native":false},{"column":21,"file":"/Users/changyu/Documents/dev/sikguadang-api/app.js","function":null,"line":18,"method":null,"native":false},{"column":30,"file":"internal/modules/cjs/loader.js","function":"Module._compile","line":689,"method":"_compile","native":false},{"column":10,"file":"internal/modules/cjs/loader.js","function":"Module._extensions..js","line":700,"method":".js","native":false},{"column":32,"file":"internal/modules/cjs/loader.js","function":"Module.load","line":599,"method":"load","native":false}],"stack":["Error: Cannot find module 'bcrypt'","    at Function.Module._resolveFilename (internal/modules/cjs/loader.js:581:15)","    at Function.Module._load (internal/modules/cjs/loader.js:507:25)","    at Module.require (internal/modules/cjs/loader.js:637:17)","    at require (internal/modules/cjs/helpers.js:22:18)","    at Object.<anonymous> (/Users/changyu/Documents/dev/sikguadang-api/routes/sikguadang/api/usersRouter.js:4:16)","    at Module._compile (internal/modules/cjs/loader.js:689:30)","    at Object.Module._extensions..js (internal/modules/cjs/loader.js:700:10)","    at Module.load (internal/modules/cjs/loader.js:599:32)","    at tryModuleLoad (internal/modules/cjs/loader.js:538:12)","    at Function.Module._load (internal/modules/cjs/loader.js:530:3)","    at Module.require (internal/modules/cjs/loader.js:637:17)","    at require (internal/modules/cjs/helpers.js:22:18)","    at Object.<anonymous> (/Users/changyu/Documents/dev/sikguadang-api/app.js:18:21)","    at Module._compile (internal/modules/cjs/loader.js:689:30)","    at Object.Module._extensions..js (internal/modules/cjs/loader.js:700:10)","    at Module.load (internal/modules/cjs/loader.js:599:32)"]}
2019-03-26 22:19:52.250 INFO env : local
2019-03-26 22:19:52.251 INFO log level : debug
2019-03-26 22:19:54.954 INFO Connected to mongod server
2019-03-26 22:59:50.584 INFO env : local
2019-03-26 22:59:50.584 INFO log level : debug
2019-03-26 22:59:54.099 INFO Connected to mongod server
2019-03-26 23:07:36.129 INFO env : local
2019-03-26 23:07:36.130 INFO log level : debug
2019-03-26 23:07:40.185 INFO Connected to mongod server
2019-03-26 23:10:45.554 INFO env : local
2019-03-26 23:10:45.555 INFO log level : debug
2019-03-26 23:10:48.662 INFO Connected to mongod server
2019-03-26 23:14:13.023 INFO env : local
2019-03-26 23:14:13.024 INFO log level : debug
2019-03-26 23:14:16.375 INFO Connected to mongod server
2019-03-26 23:15:24.415 INFO env : local
2019-03-26 23:15:24.416 INFO log level : debug
2019-03-26 23:15:28.279 INFO Connected to mongod server
2019-03-27 00:06:56.605 INFO env : local
2019-03-27 00:06:56.606 INFO log level : debug
2019-03-27 00:06:59.010 INFO Connected to mongod server
2019-03-27 21:11:46.561 INFO env : local
2019-03-27 21:11:46.562 INFO log level : debug
2019-03-27 21:11:49.485 INFO Connected to mongod server
2019-03-27 21:39:10.749 INFO env : local
2019-03-27 21:39:10.750 INFO log level : debug
2019-03-27 21:39:13.816 INFO Connected to mongod server
2019-03-27 21:48:25.361 INFO env : local
2019-03-27 21:48:25.362 INFO log level : debug
2019-03-27 21:48:27.599 INFO Connected to mongod server
2019-03-27 21:49:48.004 INFO env : local
2019-03-27 21:49:48.005 INFO log level : debug
2019-03-27 21:49:50.443 INFO Connected to mongod server
2019-03-27 21:52:14.162 INFO env : local
2019-03-27 21:52:14.163 INFO log level : debug
2019-03-27 21:52:16.371 INFO Connected to mongod server
2019-03-27 21:53:25.034 INFO env : local
2019-03-27 21:53:25.035 INFO log level : debug
2019-03-27 21:53:27.369 INFO Connected to mongod server
2019-03-27 21:53:59.257 INFO env : local
2019-03-27 21:53:59.258 INFO log level : debug
2019-03-27 21:54:01.343 INFO Connected to mongod server
2019-03-27 21:54:15.679 ERROR uncaughtException: Cannot read property 'password' of null
	{"date":"Wed Mar 27 2019 21:54:15 GMT+0900 (GMT+09:00)","process":{"pid":36201,"uid":501,"gid":20,"cwd":"/Users/changyu/Documents/dev/sikguadang-api","execPath":"/usr/local/bin/node","version":"v10.15.1","argv":["/usr/local/bin/node","/Users/changyu/Documents/dev/sikguadang-api/bin/www"],"memoryUsage":{"rss":53170176,"heapTotal":26472448,"heapUsed":21452336,"external":18724432}},"os":{"loadavg":[2.10302734375,2.21337890625,2.2900390625],"uptime":3046266},"trace":[{"column":34,"file":"/Users/changyu/Documents/dev/sikguadang-api/routes/sikguadang/api/usersRouter.js","function":null,"line":153,"method":null,"native":false},{"column":16,"file":"/Users/changyu/Documents/dev/sikguadang-api/node_modules/mongoose/lib/model.js","function":null,"line":4698,"method":null,"native":false},{"column":12,"file":"/Users/changyu/Documents/dev/sikguadang-api/node_modules/mongoose/lib/query.js","function":null,"line":4099,"method":null,"native":false},{"column":12,"file":"/Users/changyu/Documents/dev/sikguadang-api/node_modules/mongoose/lib/query.js","function":"model.Query.Query._completeOne","line":1933,"method":"_completeOne","native":false},{"column":10,"file":"/Users/changyu/Documents/dev/sikguadang-api/node_modules/mongoose/lib/query.js","function":"Immediate.Query.base.findOne.call","line":1993,"method":"call","native":false},{"column":16,"file":"/Users/changyu/Documents/dev/sikguadang-api/node_modules/mquery/lib/utils.js","function":null,"line":116,"method":null,"native":false},{"column":18,"file":"timers.js","function":"runCallback","line":705,"method":null,"native":false},{"column":5,"file":"timers.js","function":"tryOnImmediate","line":676,"method":null,"native":false},{"column":5,"file":"timers.js","function":"processImmediate","line":658,"method":null,"native":false}],"stack":["TypeError: Cannot read property 'password' of null","    at /Users/changyu/Documents/dev/sikguadang-api/routes/sikguadang/api/usersRouter.js:153:34","    at /Users/changyu/Documents/dev/sikguadang-api/node_modules/mongoose/lib/model.js:4698:16","    at /Users/changyu/Documents/dev/sikguadang-api/node_modules/mongoose/lib/query.js:4099:12","    at model.Query.Query._completeOne (/Users/changyu/Documents/dev/sikguadang-api/node_modules/mongoose/lib/query.js:1933:12)","    at Immediate.Query.base.findOne.call (/Users/changyu/Documents/dev/sikguadang-api/node_modules/mongoose/lib/query.js:1993:10)","    at Immediate.<anonymous> (/Users/changyu/Documents/dev/sikguadang-api/node_modules/mquery/lib/utils.js:116:16)","    at runCallback (timers.js:705:18)","    at tryOnImmediate (timers.js:676:5)","    at processImmediate (timers.js:658:5)"]}
2019-03-27 21:54:15.680 WARNING uncaughtException ===
2019-03-27 21:54:15.680 WARNING TypeError: Cannot read property 'password' of null
    at /Users/changyu/Documents/dev/sikguadang-api/routes/sikguadang/api/usersRouter.js:153:34
    at /Users/changyu/Documents/dev/sikguadang-api/node_modules/mongoose/lib/model.js:4698:16
    at /Users/changyu/Documents/dev/sikguadang-api/node_modules/mongoose/lib/query.js:4099:12
    at model.Query.Query._completeOne (/Users/changyu/Documents/dev/sikguadang-api/node_modules/mongoose/lib/query.js:1933:12)
    at Immediate.Query.base.findOne.call (/Users/changyu/Documents/dev/sikguadang-api/node_modules/mongoose/lib/query.js:1993:10)
    at Immediate.<anonymous> (/Users/changyu/Documents/dev/sikguadang-api/node_modules/mquery/lib/utils.js:116:16)
    at runCallback (timers.js:705:18)
    at tryOnImmediate (timers.js:676:5)
    at processImmediate (timers.js:658:5)
2019-03-27 21:54:15.682 ERROR About to exit with code: 1
2019-03-27 22:03:07.859 INFO env : local
2019-03-27 22:03:07.860 INFO log level : debug
2019-03-27 22:03:10.705 INFO Connected to mongod server
2019-03-27 22:15:56.926 INFO env : local
2019-03-27 22:15:56.927 INFO log level : debug
2019-03-27 22:15:59.522 INFO Connected to mongod server
2019-03-27 22:26:48.405 INFO env : local
2019-03-27 22:26:48.406 INFO log level : debug
2019-03-27 22:26:50.866 INFO Connected to mongod server
2019-03-27 22:36:45.954 INFO env : local
2019-03-27 22:36:45.955 INFO log level : debug
2019-03-27 22:36:49.820 INFO Connected to mongod server
2019-03-27 22:37:06.209 WARNING DeprecationWarning
2019-03-27 22:37:06.209 WARNING collection.findAndModify is deprecated. Use findOneAndUpdate, findOneAndReplace or findOneAndDelete instead.
2019-03-27 22:37:06.210 WARNING DeprecationWarning: collection.findAndModify is deprecated. Use findOneAndUpdate, findOneAndReplace or findOneAndDelete instead.
    at NativeCollection.(anonymous function) [as findAndModify] (/Users/changyu/Documents/dev/sikguadang-api/node_modules/mongoose/lib/drivers/node-mongodb-native/collection.js:146:28)
    at NodeCollection.findAndModify (/Users/changyu/Documents/dev/sikguadang-api/node_modules/mquery/lib/collection/node.js:123:19)
    at model.Query.Query._findAndModify (/Users/changyu/Documents/dev/sikguadang-api/node_modules/mongoose/lib/query.js:3376:22)
    at model.Query.<anonymous> (/Users/changyu/Documents/dev/sikguadang-api/node_modules/mongoose/lib/query.js:2831:8)
    at model.Query._wrappedThunk [as _findOneAndUpdate] (/Users/changyu/Documents/dev/sikguadang-api/node_modules/mongoose/lib/helpers/query/wrapThunk.js:16:8)
    at process.nextTick (/Users/changyu/Documents/dev/sikguadang-api/node_modules/kareem/index.js:369:33)
    at process._tickCallback (internal/process/next_tick.js:61:11)
2019-03-27 22:45:45.412 INFO env : local
2019-03-27 22:45:45.413 INFO log level : debug
2019-03-27 22:45:48.545 INFO Connected to mongod server
2019-03-27 22:47:54.287 WARNING DeprecationWarning
2019-03-27 22:47:54.288 WARNING collection.findAndModify is deprecated. Use findOneAndUpdate, findOneAndReplace or findOneAndDelete instead.
2019-03-27 22:47:54.289 WARNING DeprecationWarning: collection.findAndModify is deprecated. Use findOneAndUpdate, findOneAndReplace or findOneAndDelete instead.
    at NativeCollection.(anonymous function) [as findAndModify] (/Users/changyu/Documents/dev/sikguadang-api/node_modules/mongoose/lib/drivers/node-mongodb-native/collection.js:146:28)
    at NodeCollection.findAndModify (/Users/changyu/Documents/dev/sikguadang-api/node_modules/mquery/lib/collection/node.js:123:19)
    at model.Query.Query._findAndModify (/Users/changyu/Documents/dev/sikguadang-api/node_modules/mongoose/lib/query.js:3376:22)
    at model.Query.<anonymous> (/Users/changyu/Documents/dev/sikguadang-api/node_modules/mongoose/lib/query.js:2831:8)
    at model.Query._wrappedThunk [as _findOneAndUpdate] (/Users/changyu/Documents/dev/sikguadang-api/node_modules/mongoose/lib/helpers/query/wrapThunk.js:16:8)
    at process.nextTick (/Users/changyu/Documents/dev/sikguadang-api/node_modules/kareem/index.js:369:33)
    at process._tickCallback (internal/process/next_tick.js:61:11)
2019-03-27 22:55:58.239 INFO env : local
2019-03-27 22:55:58.240 INFO log level : debug
2019-03-27 22:56:00.903 INFO Connected to mongod server
2019-03-27 22:56:24.422 INFO env : local
2019-03-27 22:56:24.423 INFO log level : debug
2019-03-27 22:56:31.697 INFO Connected to mongod server
2019-03-27 22:56:36.266 WARNING DeprecationWarning
2019-03-27 22:56:36.266 WARNING collection.findAndModify is deprecated. Use findOneAndUpdate, findOneAndReplace or findOneAndDelete instead.
2019-03-27 22:56:36.267 WARNING DeprecationWarning: collection.findAndModify is deprecated. Use findOneAndUpdate, findOneAndReplace or findOneAndDelete instead.
    at NativeCollection.(anonymous function) [as findAndModify] (/Users/changyu/Documents/dev/sikguadang-api/node_modules/mongoose/lib/drivers/node-mongodb-native/collection.js:146:28)
    at NodeCollection.findAndModify (/Users/changyu/Documents/dev/sikguadang-api/node_modules/mquery/lib/collection/node.js:123:19)
    at model.Query.Query._findAndModify (/Users/changyu/Documents/dev/sikguadang-api/node_modules/mongoose/lib/query.js:3376:22)
    at model.Query.<anonymous> (/Users/changyu/Documents/dev/sikguadang-api/node_modules/mongoose/lib/query.js:2831:8)
    at model.Query._wrappedThunk [as _findOneAndUpdate] (/Users/changyu/Documents/dev/sikguadang-api/node_modules/mongoose/lib/helpers/query/wrapThunk.js:16:8)
    at process.nextTick (/Users/changyu/Documents/dev/sikguadang-api/node_modules/kareem/index.js:369:33)
    at process._tickCallback (internal/process/next_tick.js:61:11)
2019-03-27 23:18:16.796 INFO env : local
2019-03-27 23:18:16.797 INFO log level : debug
2019-03-27 23:18:18.949 INFO Connected to mongod server
2019-03-27 23:18:48.432 WARNING DeprecationWarning
2019-03-27 23:18:48.433 WARNING collection.findAndModify is deprecated. Use findOneAndUpdate, findOneAndReplace or findOneAndDelete instead.
2019-03-27 23:18:48.435 WARNING DeprecationWarning: collection.findAndModify is deprecated. Use findOneAndUpdate, findOneAndReplace or findOneAndDelete instead.
    at NativeCollection.(anonymous function) [as findAndModify] (/Users/changyu/Documents/dev/sikguadang-api/node_modules/mongoose/lib/drivers/node-mongodb-native/collection.js:146:28)
    at NodeCollection.findAndModify (/Users/changyu/Documents/dev/sikguadang-api/node_modules/mquery/lib/collection/node.js:123:19)
    at model.Query.Query._findAndModify (/Users/changyu/Documents/dev/sikguadang-api/node_modules/mongoose/lib/query.js:3376:22)
    at model.Query.<anonymous> (/Users/changyu/Documents/dev/sikguadang-api/node_modules/mongoose/lib/query.js:2831:8)
    at model.Query._wrappedThunk [as _findOneAndUpdate] (/Users/changyu/Documents/dev/sikguadang-api/node_modules/mongoose/lib/helpers/query/wrapThunk.js:16:8)
    at process.nextTick (/Users/changyu/Documents/dev/sikguadang-api/node_modules/kareem/index.js:369:33)
    at process._tickCallback (internal/process/next_tick.js:61:11)
2019-03-27 23:20:08.767 INFO env : local
2019-03-27 23:20:08.768 INFO log level : debug
2019-03-27 23:20:08.919 ERROR 
	{"message":"Invalid mongodb uri. Must begin with \"mongodb://\"\n  Received: mongodb+srv://root:123456!@sikguadang-vlvwm.mongodb.net/sikguadang_db","stack":"Error: Invalid mongodb uri. Must begin with \"mongodb://\"\n  Received: mongodb+srv://root:123456!@sikguadang-vlvwm.mongodb.net/sikguadang_db\n    at muri (/Users/changyu/Documents/dev/sikguadang-api/node_modules/muri/lib/index.js:28:11)\n    at NativeConnection.Connection._handleOpenArgs (/Users/changyu/Documents/dev/sikguadang-api/node_modules/mongoose/lib/connection.js:199:16)\n    at NativeConnection.<anonymous> (/Users/changyu/Documents/dev/sikguadang-api/node_modules/mongoose/lib/connection.js:309:37)\n    at NativeConnection.deprecated [as open] (internal/util.js:66:15)\n    at Mongoose.connect (/Users/changyu/Documents/dev/sikguadang-api/node_modules/mongoose/lib/index.js:268:47)\n    at Object.<anonymous> (/Users/changyu/Documents/dev/sikguadang-api/app.js:65:10)\n    at Module._compile (internal/modules/cjs/loader.js:689:30)\n    at Object.Module._extensions..js (internal/modules/cjs/loader.js:700:10)\n    at Module.load (internal/modules/cjs/loader.js:599:32)\n    at tryModuleLoad (internal/modules/cjs/loader.js:538:12)\n    at Function.Module._load (internal/modules/cjs/loader.js:530:3)\n    at Module.require (internal/modules/cjs/loader.js:637:17)\n    at require (internal/modules/cjs/helpers.js:22:18)\n    at Object.<anonymous> (/Users/changyu/Documents/dev/sikguadang-api/bin/www:7:13)\n    at Module._compile (internal/modules/cjs/loader.js:689:30)\n    at Object.Module._extensions..js (internal/modules/cjs/loader.js:700:10)"}
2019-03-27 23:20:08.927 WARNING DeprecationWarning
2019-03-27 23:20:08.927 WARNING `open()` is deprecated in mongoose >= 4.11.0, use `openUri()` instead, or set the `useMongoClient` option if using `connect()` or `createConnection()`. See http://mongoosejs.com/docs/connections.html#use-mongo-client
2019-03-27 23:20:08.935 WARNING DeprecationWarning: `open()` is deprecated in mongoose >= 4.11.0, use `openUri()` instead, or set the `useMongoClient` option if using `connect()` or `createConnection()`. See http://mongoosejs.com/docs/connections.html#use-mongo-client
    at Mongoose.connect (/Users/changyu/Documents/dev/sikguadang-api/node_modules/mongoose/lib/index.js:268:47)
    at Object.<anonymous> (/Users/changyu/Documents/dev/sikguadang-api/app.js:65:10)
    at Module._compile (internal/modules/cjs/loader.js:689:30)
    at Object.Module._extensions..js (internal/modules/cjs/loader.js:700:10)
    at Module.load (internal/modules/cjs/loader.js:599:32)
    at tryModuleLoad (internal/modules/cjs/loader.js:538:12)
    at Function.Module._load (internal/modules/cjs/loader.js:530:3)
    at Module.require (internal/modules/cjs/loader.js:637:17)
    at require (internal/modules/cjs/helpers.js:22:18)
    at Object.<anonymous> (/Users/changyu/Documents/dev/sikguadang-api/bin/www:7:13)
    at Module._compile (internal/modules/cjs/loader.js:689:30)
    at Object.Module._extensions..js (internal/modules/cjs/loader.js:700:10)
    at Module.load (internal/modules/cjs/loader.js:599:32)
    at tryModuleLoad (internal/modules/cjs/loader.js:538:12)
    at Function.Module._load (internal/modules/cjs/loader.js:530:3)
    at Function.Module.runMain (internal/modules/cjs/loader.js:742:12)
2019-03-27 23:20:48.269 INFO env : local
2019-03-27 23:20:48.270 INFO log level : debug
2019-03-27 23:20:48.420 WARNING DeprecationWarning
2019-03-27 23:20:48.420 WARNING `open()` is deprecated in mongoose >= 4.11.0, use `openUri()` instead, or set the `useMongoClient` option if using `connect()` or `createConnection()`. See http://mongoosejs.com/docs/connections.html#use-mongo-client
2019-03-27 23:20:48.421 WARNING DeprecationWarning: `open()` is deprecated in mongoose >= 4.11.0, use `openUri()` instead, or set the `useMongoClient` option if using `connect()` or `createConnection()`. See http://mongoosejs.com/docs/connections.html#use-mongo-client
    at Mongoose.connect (/Users/changyu/Documents/dev/sikguadang-api/node_modules/mongoose/lib/index.js:268:47)
    at Object.<anonymous> (/Users/changyu/Documents/dev/sikguadang-api/app.js:65:10)
    at Module._compile (internal/modules/cjs/loader.js:689:30)
    at Object.Module._extensions..js (internal/modules/cjs/loader.js:700:10)
    at Module.load (internal/modules/cjs/loader.js:599:32)
    at tryModuleLoad (internal/modules/cjs/loader.js:538:12)
    at Function.Module._load (internal/modules/cjs/loader.js:530:3)
    at Module.require (internal/modules/cjs/loader.js:637:17)
    at require (internal/modules/cjs/helpers.js:22:18)
    at Object.<anonymous> (/Users/changyu/Documents/dev/sikguadang-api/bin/www:7:13)
    at Module._compile (internal/modules/cjs/loader.js:689:30)
    at Object.Module._extensions..js (internal/modules/cjs/loader.js:700:10)
    at Module.load (internal/modules/cjs/loader.js:599:32)
    at tryModuleLoad (internal/modules/cjs/loader.js:538:12)
    at Function.Module._load (internal/modules/cjs/loader.js:530:3)
    at Function.Module.runMain (internal/modules/cjs/loader.js:742:12)
2019-03-27 23:20:48.451 ERROR 
	{"message":"failed to connect to server [sikguadang-vlvwm.mongodb.net:27017] on first connect [MongoError: getaddrinfo ENOTFOUND sikguadang-vlvwm.mongodb.net sikguadang-vlvwm.mongodb.net:27017]","name":"MongoError","stack":"MongoError: failed to connect to server [sikguadang-vlvwm.mongodb.net:27017] on first connect [MongoError: getaddrinfo ENOTFOUND sikguadang-vlvwm.mongodb.net sikguadang-vlvwm.mongodb.net:27017]\n    at Pool.<anonymous> (/Users/changyu/Documents/dev/sikguadang-api/node_modules/mongodb-core/lib/topologies/server.js:336:35)\n    at Pool.emit (events.js:189:13)\n    at Connection.<anonymous> (/Users/changyu/Documents/dev/sikguadang-api/node_modules/mongodb-core/lib/connection/pool.js:280:12)\n    at Object.onceWrapper (events.js:277:13)\n    at Connection.emit (events.js:189:13)\n    at Socket.<anonymous> (/Users/changyu/Documents/dev/sikguadang-api/node_modules/mongodb-core/lib/connection/connection.js:187:49)\n    at Object.onceWrapper (events.js:277:13)\n    at Socket.emit (events.js:189:13)\n    at emitErrorNT (internal/streams/destroy.js:82:8)\n    at emitErrorAndCloseNT (internal/streams/destroy.js:50:3)\n    at process._tickCallback (internal/process/next_tick.js:63:19)","isOperational":true}
2019-03-27 23:21:26.608 INFO env : local
2019-03-27 23:21:26.609 INFO log level : debug
2019-03-27 23:21:28.989 INFO Connected to mongod server
2019-03-27 23:21:34.536 WARNING DeprecationWarning
2019-03-27 23:21:34.536 WARNING collection.findAndModify is deprecated. Use findOneAndUpdate, findOneAndReplace or findOneAndDelete instead.
2019-03-27 23:21:34.538 WARNING DeprecationWarning: collection.findAndModify is deprecated. Use findOneAndUpdate, findOneAndReplace or findOneAndDelete instead.
    at NativeCollection.(anonymous function) [as findAndModify] (/Users/changyu/Documents/dev/sikguadang-api/node_modules/mongoose/lib/drivers/node-mongodb-native/collection.js:146:28)
    at NodeCollection.findAndModify (/Users/changyu/Documents/dev/sikguadang-api/node_modules/mquery/lib/collection/node.js:123:19)
    at model.Query.Query._findAndModify (/Users/changyu/Documents/dev/sikguadang-api/node_modules/mongoose/lib/query.js:3382:22)
    at model.Query.<anonymous> (/Users/changyu/Documents/dev/sikguadang-api/node_modules/mongoose/lib/query.js:2837:8)
    at model.Query._wrappedThunk [as _findOneAndUpdate] (/Users/changyu/Documents/dev/sikguadang-api/node_modules/mongoose/lib/helpers/query/wrapThunk.js:16:8)
    at process.nextTick (/Users/changyu/Documents/dev/sikguadang-api/node_modules/kareem/index.js:369:33)
    at process._tickCallback (internal/process/next_tick.js:61:11)
2019-03-27 23:23:18.383 INFO env : local
2019-03-27 23:23:18.385 INFO log level : debug
2019-03-27 23:23:21.600 INFO Connected to mongod server
2019-03-28 11:57:20.422 INFO env : local
2019-03-28 11:57:20.423 INFO log level : debug
2019-03-28 11:57:22.918 INFO Connected to mongod server
